0000000000000000 a __start__
0000000000000000 T _start
0000000000000000 b _TLS_MODULE_BASE_
0000000000000000 0000000000000004 b fsdev_last_result
0000000000000008 0000000000000401 B __nx_dev_path_buf
00000000000000e0 T __nx_exit
00000000000000f0 T __nx_mod0
0000000000000140 0000000000000034 T exit
0000000000000180 000000000000016c T main
0000000000000300 t __do_global_dtors_aux
0000000000000360 t frame_dummy
0000000000000390 0000000000000230 T donutDecider
000000000000040c 0000000000000004 b g_fsPriority
00000000000005c0 0000000000000018 t _appletInfiniteSleepLoop
00000000000005e0 0000000000000108 t _appletCmdGetSession
00000000000006f0 00000000000000cc t _appletCmdInU8NoOut
00000000000007c0 0000000000000104 t _appletGetLaunchReason
00000000000008d0 00000000000000e4 t _appletSetFocusHandlingMode
00000000000009c0 00000000000000cc t _appletCmdInU32NoOut
0000000000000a90 0000000000000138 t _appletGetSessionProxy.constprop.0
0000000000000bd0 0000000000000154 t _appletOpenLibraryAppletProxy.constprop.0
0000000000000d30 00000000000000d0 t _appletCmdGetHandle.constprop.0.isra.0
0000000000000e00 00000000000000d4 t _appletCmdNoInOutU8.isra.0
0000000000000ee0 00000000000000d4 t _appletCmdNoInOutU32.isra.0
0000000000000fc0 00000000000000d4 t _appletCmdNoInOutU64.isra.0
00000000000010a0 00000000000000c0 t _appletCmdNoIO.isra.0
0000000000001160 0000000000000010 T appletGetAppletType
0000000000001170 0000000000000108 T appletSetFocusHandlingMode
0000000000001280 000000000000005c T appletSetCpuBoostMode
00000000000012e0 000000000000002c T appletCreateManagedDisplayLayer
0000000000001310 000000000000000c T appletGetAppletResourceUserId
0000000000001320 00000000000000f4 t _appletGetIndirectLayerConsumerHandle
0000000000001420 0000000000000088 t _appletHolderCreateState
00000000000014b0 00000000000000b0 T appletHolderClose
0000000000001560 0000000000000024 T appletHolderGetLibraryAppletInfo
0000000000001590 0000000000000090 T appletNotifyRunning
0000000000001620 000000000000008c T appletSetGamePlayRecordingState
00000000000016b0 0000000000000ad4 t _appletCleanup
0000000000002190 0000000000000044 T appletExit
00000000000021e0 0000000000000040 T appletGetLibraryAppletInfo
0000000000002220 0000000000000a98 T appletInitialize
0000000000002cc0 0000000000000024 t _appletExitProcess
0000000000002cf0 0000000000000074 T appletGetMessage
0000000000002d70 000000000000027c T appletProcessMessage
0000000000002ff0 0000000000000034 T appletMainLoop
0000000000003030 00000000000000d0 t _smCmifCmdInPid
0000000000003100 0000000000000068 t _smCleanup
0000000000003170 0000000000000048 T smAddOverrideHandle
00000000000031c0 0000000000000054 T smGetServiceOverride
0000000000003220 00000000000001bc T smInitialize
00000000000033e0 0000000000000044 T smExit
0000000000003430 00000000000000d0 T smGetServiceOriginal
0000000000003500 0000000000000120 T smGetServiceWrapper
0000000000003620 000000000000001c W diagAbortWithResult
0000000000003640 0000000000000208 T envSetup
0000000000003850 0000000000000020 T envGetMainThreadHandle
0000000000003870 000000000000000c T envIsNso
0000000000003880 0000000000000014 T envHasHeapOverride
00000000000038a0 000000000000000c T envGetHeapOverrideAddr
00000000000038b0 000000000000000c T envGetHeapOverrideSize
00000000000038c0 0000000000000014 T envHasArgv
00000000000038e0 000000000000000c T envGetArgv
00000000000038f0 000000000000000c T envGetExitFuncPtr
0000000000003900 000000000000000c T envSetExitFuncPtr
0000000000003910 000000000000000c T envHasRandomSeed
0000000000003920 0000000000000010 T envGetRandomSeed
0000000000003930 0000000000000014 T hosversionGet
0000000000003950 0000000000000010 T hosversionSet
0000000000003960 000000000000009c T padConfigureInput
0000000000003a00 0000000000000024 T padInitializeWithMask
0000000000003a30 00000000000002a8 T padUpdate
0000000000003ce0 0000000000000048 t consoleDrawChar
0000000000003d30 000000000000020c t parseColor
0000000000003f40 00000000000000b0 t consoleNewRow
0000000000003ff0 0000000000000c44 t con_write
0000000000004c40 0000000000000154 T consoleInit
0000000000004da0 0000000000000048 T consoleExit
0000000000004df0 000000000000002c T consoleUpdate
0000000000004e20 00000000000001c8 t ConsoleSwRenderer_drawChar
0000000000004ff0 00000000000000fc t ConsoleSwRenderer_init
00000000000050f0 0000000000000070 t ConsoleSwRenderer_flushAndSwap
0000000000005160 00000000000000d4 t ConsoleSwRenderer_scrollWindow
0000000000005240 000000000000004c t ConsoleSwRenderer_deinit
0000000000005290 000000000000000c W getDefaultConsoleRenderer
000000000000529c T svcSetHeapSize
00000000000052b0 T svcSetMemoryPermission
00000000000052b8 T svcSetMemoryAttribute
00000000000052c0 T svcUnmapMemory
00000000000052c8 T svcQueryMemory
00000000000052dc T svcExitProcess
00000000000052e4 T svcSleepThread
00000000000052ec T svcMapSharedMemory
00000000000052f4 T svcUnmapSharedMemory
00000000000052fc T svcCreateTransferMemory
0000000000005310 T svcCloseHandle
0000000000005318 T svcResetSignal
0000000000005320 T svcWaitSynchronization
0000000000005334 T svcArbitrateLock
000000000000533c T svcArbitrateUnlock
0000000000005344 T svcWaitProcessWideKeyAtomic
000000000000534c T svcSignalProcessWideKey
0000000000005354 T svcConnectToNamedPort
0000000000005368 T svcSendSyncRequest
0000000000005370 T svcBreak
0000000000005378 T svcReturnFromException
0000000000005380 T svcGetInfo
0000000000005394 T svcUnmapTransferMemory
00000000000053a0 000000000000000c T eventLoadRemote
00000000000053b0 0000000000000038 T eventWait
00000000000053f0 0000000000000050 T eventClose
0000000000005440 0000000000000080 T mutexLock
00000000000054c0 0000000000000068 T mutexUnlock
0000000000005530 000000000000001c T mutexIsLockedByCurrentThread
0000000000005550 000000000000004c T rmutexLock
00000000000055a0 000000000000001c T rmutexUnlock
00000000000055c0 00000000000000a8 T tmemCreate
0000000000005670 0000000000000034 T tmemUnmap
00000000000056b0 0000000000000038 T tmemCloseHandle
00000000000056f0 00000000000000c8 T tmemWaitForPermission
00000000000057c0 0000000000000054 T tmemClose
0000000000005820 0000000000000064 t _memregionInitWithInfo
0000000000005890 0000000000000004 W __libnx_virtmem_rng
00000000000058a0 0000000000000164 t _memregionFindRandom
0000000000005a10 0000000000000140 T virtmemSetup
0000000000005b50 000000000000000c T virtmemLock
0000000000005b60 000000000000000c T virtmemUnlock
0000000000005b70 0000000000000050 T virtmemFindAslr
0000000000005bc0 000000000000056c T waitObjects
0000000000006130 00000000000000c0 t _apmCleanup
00000000000061f0 00000000000000fc t _apmCmdGetSession.constprop.0
00000000000062f0 00000000000000a0 T apmInitialize
0000000000006390 0000000000000044 T apmExit
00000000000063e0 00000000000000c8 T apmSetPerformanceConfiguration
00000000000064b0 0000000000000108 t _hidCleanup
00000000000065c0 00000000000000d8 t _hidCmdInAruidNoOut
00000000000066a0 00000000000000e4 t _hidCmdInU32AruidNoOut
0000000000006790 00000000000001a4 t _hidGetStates
0000000000006940 0000000000000114 t _hidCreateAppletResource.constprop.0
0000000000006a60 00000000000000c8 t _hidCmdGetHandle.constprop.0
0000000000006b30 00000000000000dc T hidInitialize
0000000000006c10 0000000000000044 T hidExit
0000000000006c60 000000000000000c T hidGetSharedmemAddr
0000000000006c70 0000000000000090 T hidGetNpadStyleSet
0000000000006d00 0000000000000080 T hidInitializeNpad
0000000000006d80 00000000000000a8 T hidGetNpadStatesFullKey
0000000000006e30 00000000000000a8 T hidGetNpadStatesHandheld
0000000000006ee0 00000000000000a8 T hidGetNpadStatesJoyDual
0000000000006f90 00000000000000a8 T hidGetNpadStatesJoyLeft
0000000000007040 00000000000000a8 T hidGetNpadStatesJoyRight
00000000000070f0 0000000000000158 T hidGetNpadStatesGc
0000000000007250 00000000000000ac T hidGetNpadStatesSystemExt
0000000000007300 0000000000000008 T hidSetSupportedNpadStyleSet
0000000000007310 0000000000000100 T hidSetSupportedNpadIdType
0000000000007410 000000000000000c T nwindowGetDefault
0000000000007420 00000000000000b0 T __nx_win_init
00000000000074d0 0000000000000034 T __nx_win_exit
0000000000007510 000000000000008c T framebufferMakeLinear
00000000000075a0 0000000000000080 T framebufferClose
0000000000007620 00000000000002b4 T framebufferCreate
00000000000078e0 0000000000000088 T framebufferBegin
0000000000007970 000000000000018c T framebufferEnd
0000000000007b00 0000000000000024 T nwindowIsValid
0000000000007b30 000000000000007c T nwindowClose
0000000000007bb0 00000000000000f4 T nwindowCreate
0000000000007cb0 0000000000000034 T nwindowCreateFromLayer
0000000000007cf0 0000000000000084 T nwindowSetDimensions
0000000000007d80 000000000000018c T nwindowConfigureBuffer
0000000000007f10 00000000000001e0 T nwindowDequeueBuffer
00000000000080f0 000000000000013c T nwindowQueueBuffer
0000000000008230 00000000000000bc T nwindowReleaseBuffers
00000000000082f0 0000000000000004 W __libnx_alloc
0000000000008300 0000000000000014 W __libnx_aligned_alloc
0000000000008320 0000000000000004 W __libnx_free
0000000000008330 0000000000000340 W argvSetup
0000000000008670 0000000000000208 T __nx_dynamic
0000000000008880 00000000000000d4 W __libnx_initheap
0000000000008960 00000000000000ec W __appInit
0000000000008a50 0000000000000044 W __appExit
0000000000008aa0 000000000000002c W __libnx_init
0000000000008ad0 000000000000001c W __libnx_exit
0000000000008af0 000000000000001c T __syscall_exit
0000000000008b10 0000000000000030 T __syscall_getreent
0000000000008b40 0000000000000004 T __syscall_lock_acquire
0000000000008b50 0000000000000004 T __syscall_lock_release
0000000000008b60 0000000000000004 T __syscall_lock_acquire_recursive
0000000000008b70 0000000000000004 T __syscall_lock_release_recursive
0000000000008b80 0000000000000238 T __libnx_init_time
0000000000008dc0 000000000000009c T newlibSetup
0000000000008e60 00000000000000c4 T nxlinkSetup
0000000000008f30 0000000000000014 t fsdev_link
0000000000008f50 0000000000000014 t fsdev_dirreset
0000000000008f70 0000000000000014 t fsdev_chmod
0000000000008f90 0000000000000018 t error_cmp
0000000000008fb0 0000000000000020 t fsdev_dirclose
0000000000008fd0 000000000000001c t fsdev_close
0000000000008ff0 000000000000007c t fsdev_converttimetoutc
0000000000009070 00000000000000dc t fsdevFindDevice.part.0
0000000000009150 00000000000001d4 t fsdev_fixpath
0000000000009330 00000000000000a0 t _fsdevUnmountDeviceStruct.part.0
00000000000093d0 0000000000000014 t fsdev_fchmod
00000000000093f0 00000000000000fc t fsdev_diropen
00000000000094f0 0000000000000100 t fsdev_statvfs
00000000000095f0 000000000000007c t fsdev_fsync
0000000000009670 00000000000000f4 t fsdev_fstat
0000000000009770 0000000000000094 t fsdev_ftruncate
0000000000009810 00000000000001fc t fsdev_stat
0000000000009a10 000000000000014c t fsdev_rename
0000000000009b60 0000000000000140 t fsdev_chdir
0000000000009ca0 00000000000000a4 t fsdev_rmdir
0000000000009d50 00000000000000a4 t fsdev_mkdir
0000000000009e00 00000000000000a4 t fsdev_unlink
0000000000009eb0 0000000000000144 t fsdev_write_safe
000000000000a000 000000000000013c t fsdev_read_safe
000000000000a140 0000000000000100 t fsdev_read
000000000000a240 00000000000001cc t fsdev_dirnext
000000000000a410 0000000000000124 t fsdev_write
000000000000a540 00000000000000e0 t fsdev_seek
000000000000a620 0000000000000250 t fsdev_open
000000000000a870 0000000000000228 T fsdevMountDevice
000000000000aaa0 0000000000000040 T fsdevMountSdmc
000000000000aae0 00000000000000c0 T __libnx_init_cwd
000000000000aba0 0000000000000064 T fsdevUnmountAll
000000000000ac10 000000000000012c T decode_utf8
000000000000ad3c T armDCacheFlush
000000000000ad6c t armDCacheFlush_L0
000000000000ad88 W __libnx_exception_entry
000000000000ae14 t __libnx_exception_entry_start
000000000000af3c t __libnx_exception_entry_abort
000000000000af40 t __libnx_exception_entry_end
000000000000af48 T __libnx_exception_returnentry
000000000000af60 T __aarch64_read_tp
000000000000af70 0000000000000064 T condvarWaitTimeout
000000000000afe0 00000000000003c4 T randomGet
000000000000b3b0 0000000000000020 T randomGet64
000000000000b3d0 0000000000000014 T shmemLoadRemote
000000000000b3f0 0000000000000088 T shmemMap
000000000000b480 0000000000000034 T shmemUnmap
000000000000b4c0 0000000000000044 T shmemClose
000000000000b510 00000000000000b0 T __libnx_init_thread
000000000000b5c0 00000000000000b4 t _fsCleanup
000000000000b680 00000000000001ac t _fsCmdNoIO
000000000000b830 00000000000001d4 t _fsFsCmdWithInPath
000000000000ba10 00000000000001f0 t _fsFsCmdWithTwoInPaths
000000000000bc00 000000000000026c t _fsFsOpenCommon
000000000000be70 00000000000001e8 t _fsFsCmdWithInPathAndOutU64
000000000000c060 00000000000000f4 t _fsObjectClose
000000000000c160 000000000000017c t _fsCmdGetSession.constprop.0
000000000000c2e0 00000000000002f8 T fsInitialize
000000000000c5e0 0000000000000044 T fsExit
000000000000c630 0000000000000008 T fsOpenSdCardFileSystem
000000000000c640 00000000000001e4 T fsFsCreateFile
000000000000c830 0000000000000008 T fsFsDeleteFile
000000000000c840 0000000000000008 T fsFsCreateDirectory
000000000000c850 0000000000000008 T fsFsDeleteDirectory
000000000000c860 0000000000000008 T fsFsRenameFile
000000000000c870 0000000000000008 T fsFsRenameDirectory
000000000000c880 00000000000001e8 T fsFsGetEntryType
000000000000ca70 0000000000000008 T fsFsOpenFile
000000000000ca80 0000000000000008 T fsFsOpenDirectory
000000000000ca90 0000000000000008 T fsFsGetFreeSpace
000000000000caa0 0000000000000008 T fsFsGetTotalSpace
000000000000cab0 0000000000000228 T fsFsGetFileTimeStampRaw
000000000000cce0 0000000000000004 T fsFsClose
000000000000ccf0 0000000000000210 T fsFileRead
000000000000cf00 00000000000001f8 T fsFileWrite
000000000000d100 0000000000000008 T fsFileFlush
000000000000d110 00000000000001b8 T fsFileSetSize
000000000000d110 00000000000001b8 t fsFileSetSize.localalias
000000000000d2d0 00000000000001c0 T fsFileGetSize
000000000000d2d0 00000000000001c0 t fsFileGetSize.localalias
000000000000d490 0000000000000004 T fsFileClose
000000000000d4a0 0000000000000004 T fsDirClose
000000000000d4b0 00000000000001f8 T fsDirRead
000000000000d6b0 00000000000000d0 t _nvSetClientPID
000000000000d780 00000000000000c8 t _nvCleanup
000000000000d850 00000000000000d8 t _nvCmdInitialize.constprop.0
000000000000d930 000000000000001c W __nx_nv_create_tmem
000000000000d950 00000000000002d8 T nvInitialize
000000000000dc30 0000000000000044 T nvExit
000000000000dc80 00000000000000f4 T nvConvertError
000000000000dd80 0000000000000118 T nvOpen
000000000000dea0 00000000000002f8 T nvIoctl
000000000000e1a0 00000000000000d8 T nvClose
000000000000e280 0000000000000110 T nvQueryEvent
000000000000e390 00000000000000d4 t _setsysGetFirmwareVersionImpl
000000000000e470 0000000000000068 t _setsysCleanup
000000000000e4e0 00000000000000a0 T setsysInitialize
000000000000e580 0000000000000044 T setsysExit
000000000000e5d0 0000000000000044 T setsysGetFirmwareVersion
000000000000e620 0000000000000228 t _timeCleanup
000000000000e850 0000000000000100 t _timeCmdGetSession.constprop.0
000000000000e950 00000000000000cc t _timeGetSharedMemoryNativeHandle.constprop.0
000000000000ea20 00000000000000c4 t _timeCmdNoInOutU64.constprop.0.isra.0
000000000000eaf0 0000000000000104 t _timeReadClockFromSharedMem
000000000000ec00 0000000000000238 T timeInitialize
000000000000ee40 0000000000000044 T timeExit
000000000000ee90 0000000000000038 T timeGetServiceSession_SystemClock
000000000000eed0 0000000000000068 T timeGetCurrentTime
000000000000ef40 0000000000000110 T timeToCalendarTimeWithMyRule
000000000000f050 0000000000000104 T timeToPosixTimeWithMyRule
000000000000f160 00000000000001dc t _viCleanup
000000000000f340 0000000000000100 t _viCmdGetSessionNoParams.constprop.0
000000000000f440 00000000000000fc t _viCmdGetSession.constprop.0
000000000000f540 0000000000000284 T viInitialize
000000000000f7d0 0000000000000044 T viExit
000000000000f820 000000000000000c T viGetSession_IHOSBinderDriverRelay
000000000000f830 0000000000000118 T viOpenDisplay
000000000000f950 00000000000000f4 T viCloseDisplay
000000000000fa50 00000000000000fc T viCloseLayer
000000000000fb50 0000000000000374 T viCreateLayer
000000000000fed0 00000000000000d8 T viSetLayerScalingMode
000000000000ffb0 000000000000007c t _nvFenceCleanup
0000000000010030 0000000000000098 T nvFenceInit
00000000000100d0 0000000000000044 T nvFenceExit
0000000000010120 0000000000000240 T nvFenceWait
0000000000010360 0000000000000074 T nvMultiFenceWait
00000000000103e0 00000000000000b4 T nvMapInit
00000000000104a0 000000000000006c T nvMapExit
0000000000010510 0000000000000080 T nvMapClose
0000000000010590 0000000000000154 T nvMapCreate
00000000000106f0 0000000000000028 T nvioctlNvhostCtrl_EventSignal
0000000000010720 0000000000000044 T nvioctlNvhostCtrl_EventWait
0000000000010770 0000000000000030 T nvioctlNvhostCtrl_EventWaitAsync
00000000000107a0 0000000000000028 T nvioctlNvhostCtrl_EventRegister
00000000000107d0 0000000000000028 T nvioctlNvhostCtrl_EventUnregister
0000000000010800 0000000000000040 T nvioctlNvmap_Create
0000000000010840 0000000000000038 T nvioctlNvmap_Alloc
0000000000010880 0000000000000034 T nvioctlNvmap_Free
00000000000108c0 0000000000000040 T nvioctlNvmap_GetId
0000000000010900 000000000000001c T binderCreate
0000000000010920 0000000000000368 T binderTransactParcel
0000000000010c90 00000000000000e8 T binderConvertErrorCode
0000000000010d80 0000000000000128 T binderAdjustRefcount
0000000000010eb0 0000000000000098 T binderInitSession
0000000000010f50 0000000000000068 T binderClose
0000000000010fc0 000000000000015c T binderGetNativeHandle
0000000000011120 00000000000000d8 T bqRequestBuffer
0000000000011200 0000000000000160 T bqDequeueBuffer
0000000000011360 00000000000000dc T bqQueueBuffer
0000000000011440 0000000000000094 T bqCancelBuffer
00000000000114e0 00000000000000e4 T bqConnect
00000000000115d0 000000000000009c T bqDisconnect
0000000000011670 000000000000017c T bqSetPreallocatedBuffer
00000000000117f0 0000000000000030 T parcelCreate
0000000000011820 0000000000000198 T parcelTransact
00000000000119c0 0000000000000088 T parcelWriteData
0000000000011a50 0000000000000098 T parcelReadData
0000000000011af0 0000000000000020 T parcelWriteInt32
0000000000011b10 0000000000000020 T parcelWriteUInt32
0000000000011b30 000000000000007c T parcelWriteString16
0000000000011bb0 0000000000000030 T parcelWriteInterfaceToken
0000000000011be0 0000000000000024 T parcelReadInt32
0000000000011c10 0000000000000068 T parcelReadFlattenedObject
0000000000011c80 000000000000004c T parcelWriteFlattenedObject
0000000000011cd0 0000000000000178 T sessionmgrCreate
0000000000011e50 0000000000000084 T sessionmgrClose
0000000000011ee0 00000000000000b4 T sessionmgrAttachClient
0000000000011fa0 0000000000000070 T sessionmgrDetachClient
0000000000012020 0000000000000098 T sin
00000000000120c0 0000000000000300 T __ieee754_rem_pio2
00000000000123c0 0000000000000880 T __kernel_rem_pio2
0000000000012c40 000000000000010c T scalbn
0000000000012d60 000000000000009c T __kernel_sin
0000000000012e00 0000000000000090 T cos
0000000000012ea0 0000000000000008 T floor
0000000000012ec0 0000000000000130 T __kernel_cos
0000000000013000 0000000000000008 T fabs
0000000000013020 000000000000003c T setenv
0000000000013060 0000000000000028 T putchar
00000000000130a0 00000000000001a4 t _strtoul_l.isra.0
0000000000013260 0000000000000044 T _strtoul_r
00000000000132c0 0000000000000048 T strtoul
0000000000013340 0000000000000130 T strlen
0000000000013480 0000000000000080 T strncat
0000000000013500 00000000000000b8 T bsearch
00000000000135c0 00000000000000dc T memchr
00000000000136a0 000000000000002c T aligned_alloc
0000000000013700 00000000000001b4 T strncmp
00000000000138c0 0000000000000134 T strcmp
0000000000013a00 00000000000000b8 T strnlen
0000000000013ac0 000000000000001c t stdio_exit_handler
0000000000013ae0 000000000000006c t cleanup_stdio
0000000000013b60 0000000000000134 t global_stdio_init.part.0
0000000000013ca0 000000000000000c T __sfp_lock_acquire
0000000000013cc0 000000000000000c T __sfp_lock_release
0000000000013ce0 0000000000000054 T __sinit
0000000000013d40 00000000000007e8 T _malloc_r
0000000000014540 00000000000000e0 T _putc_r
0000000000014640 000000000000022c T memcpy
0000000000014640 T memmove
0000000000014880 0000000000000124 T _malloc_trim_r
00000000000149c0 00000000000002d4 T _free_r
0000000000014ca0 0000000000000278 T setvbuf
0000000000014f20 0000000000000014 T __errno
0000000000014f40 0000000000000044 T malloc
0000000000014fa0 0000000000000024 T free
0000000000014fe0 0000000000000078 T printf
0000000000015060 00000000000000b4 T sscanf
0000000000015120 00000000000000d0 T _puts_r
0000000000015200 0000000000000024 T puts
0000000000015240 000000000000002c T gmtime
0000000000015280 0000000000000098 T _fwalk_sglue
0000000000015320 000000000000000c T __malloc_lock
0000000000015340 000000000000000c T __malloc_unlock
0000000000015380 0000000000000104 T memset
00000000000154a0 0000000000000254 T _setenv_r
0000000000015700 0000000000000004 W __call_exitprocs
0000000000015704 0000000000000074 t get_arg
0000000000015778 00000000000032d0 T __ssvfscanf_r
0000000000018a60 000000000000008c T strncpy
0000000000018b00 00000000000001a4 t _strtoull_l.isra.0
0000000000018cc0 0000000000000044 T _strtoull_r
0000000000018d20 00000000000000f0 T _mbrtowc_r
0000000000018e20 0000000000000090 T __libc_init_array
0000000000018ec0 00000000000001e8 T __sflush_r
00000000000190c0 00000000000000b8 T _fflush_r
0000000000019180 000000000000000c T nanf
00000000000191a0 000000000000000c T __env_lock
00000000000191c0 000000000000000c T __env_unlock
00000000000191e0 0000000000000494 T __sfvwrite_r
0000000000019680 00000000000002e8 t _strtoll_l.isra.0
0000000000019980 0000000000000044 T _strtoll_r
00000000000199e0 000000000000002c T __locale_mb_cur_max
0000000000019a20 0000000000000054 t sulp
0000000000019a80 0000000000001210 T _strtod_l
000000000001aca0 0000000000000050 T _strtod_r
000000000001ad00 00000000000002a0 T gmtime_r
000000000001afa0 00000000000000a0 T sprintf
000000000001b040 000000000000017c T _memalign_r
000000000001b1c0 0000000000000118 T __swbuf_r
000000000001b2d8 00000000000000f0 T _sungetc_r
000000000001b3c8 0000000000000070 T __ssrefill_r
000000000001b438 00000000000000e0 T _sfread_r
000000000001b520 000000000000011c t rshift
000000000001b640 00000000000008c4 T __gethex
000000000001bf20 00000000000002dc T __utf8_mbtowc
000000000001c200 0000000000000044 T __libc_fini_array
000000000001c280 00000000000000cc T strchr
000000000001c360 000000000000004c T __sread
000000000001c3c0 0000000000000008 T __seofread
000000000001c3e0 0000000000000068 T __swrite
000000000001c460 0000000000000050 T __sseek
000000000001c4c0 0000000000000008 T __sclose
000000000001c4e0 0000000000000008 T iswspace
000000000001c500 00000000000000d4 T __sccl
000000000001c5e0 0000000000000134 T _fclose_r
000000000001c720 0000000000000008 T __localeconv_l
000000000001c740 0000000000000028 T _localeconv_r
000000000001c768 0000000000000790 t get_arg
000000000001cef8 0000000000003c10 T _vfprintf_r
0000000000020b08 00000000000000d4 t __sbprintf
0000000000020be0 0000000000000094 T __swhatbuf_r
0000000000020c80 00000000000000fc T __smakebuf_r
0000000000020d80 000000000000002c T realloc
0000000000020dc0 00000000000001a4 t quorem
0000000000020f80 0000000000001304 T _dtoa_r
00000000000222a0 00000000000000d8 T _wcrtomb_r
0000000000022378 0000000000000790 t get_arg
0000000000022b08 0000000000003c0c T _svfprintf_r
0000000000026720 00000000000002e8 t _strtol_l.part.0
0000000000026a20 0000000000000070 T _strtol_r
0000000000026aa0 0000000000000104 T _findenv_r
0000000000026bc0 000000000000009c T stpncpy
0000000000026c60 000000000000053c T _realloc_r
00000000000271a0 00000000000000e4 T __utf8_wctomb
00000000000272a0 0000000000000010 T _wcsrtombs_r
00000000000272c0 0000000000000048 T __match
0000000000027320 000000000000025c T __hexnan
0000000000027580 0000000000000180 T __swsetup_r
0000000000027700 000000000000000c T nan
0000000000027720 0000000000000078 T frexp
00000000000277a0 00000000000000b8 T __submore
0000000000027860 0000000000000064 T __assert_func
00000000000278e0 0000000000000048 T iswspace_l
0000000000027940 000000000000008c T _Balloc
00000000000279e0 0000000000000020 T _Bfree
0000000000027a00 0000000000000108 T __multadd
0000000000027b20 000000000000013c T __s2b
0000000000027c60 0000000000000094 T __hi0bits
0000000000027d00 00000000000000fc T __lo0bits
0000000000027e00 000000000000004c T __i2b
0000000000027e60 00000000000001ec T __multiply
0000000000028060 00000000000000fc T __pow5mult
0000000000028160 0000000000000174 T __lshift
00000000000282e0 0000000000000050 T __mcmp
0000000000028340 00000000000001c4 T __mdiff
0000000000028520 0000000000000084 T __ulp
00000000000285c0 0000000000000168 T __b2d
0000000000028740 0000000000000154 T __d2b
00000000000288a0 00000000000000ac T __ratio
0000000000028960 0000000000000078 T __copybits
00000000000289e0 000000000000006c T __any_on
0000000000028a60 00000000000000c8 T __ssprint_r
0000000000028b40 0000000000000078 T fiprintf
0000000000028bc0 0000000000000188 T _wcsnrtombs_l
0000000000028d60 0000000000000074 T _wcsnrtombs_r
0000000000028de0 0000000000000044 T __sprint_r
0000000000028e40 0000000000000018 T abort
0000000000028e60 00000000000000c0 T _calloc_r
0000000000028f20 000000000000007c T category
0000000000028fa0 0000000000000188 T __ssputs_r
0000000000029140 00000000000000a4 T _raise_r
0000000000029200 0000000000000024 T raise
0000000000029224 0000000000000790 t get_arg
00000000000299b4 000000000000294c T _vfiprintf_r
000000000002c300 00000000000000d4 t __sbprintf
000000000002c3e0 0000000000000020 T _exit
000000000002c400 0000000000000170 T chdir
000000000002c580 000000000000021c T _concatenate_path
000000000002c7a0 0000000000000094 T _fstat_r
000000000002c840 0000000000000014 T _getpid_r
000000000002c860 0000000000000020 T __getreent
000000000002c880 0000000000000050 T __get_handle
000000000002c8e0 0000000000000108 T _close_r
000000000002ca00 0000000000000008 t null_write
000000000002ca20 0000000000000018 T setDefaultDevice
000000000002ca40 0000000000000114 T FindDevice
000000000002cb60 0000000000000034 T RemoveDevice
000000000002cba0 00000000000000c8 T AddDevice
000000000002cc80 0000000000000034 T GetDeviceOpTab
000000000002ccc0 0000000000000008 T _isatty_r
000000000002cce0 0000000000000014 T _kill_r
000000000002cd00 00000000000000a4 T _lseek_r
000000000002cdc0 00000000000000ac T _read_r
000000000002ce80 0000000000000078 W _sbrk_r
000000000002cf00 0000000000000014 T __libc_lock_acquire
000000000002cf20 0000000000000014 T __libc_lock_release
000000000002cf40 0000000000000014 T __libc_lock_acquire_recursive
000000000002cf60 0000000000000014 T __libc_lock_release_recursive
000000000002cf80 00000000000000ac T _write_r
000000000002d040 0000000000000130 t __extenddftf2
000000000002d180 00000000000003c4 t __trunctfdf2
000000000002d560 0000000000000070 t __sfp_handle_exceptions
000000000002d600 0000000000000104 T strrchr
000000000002d708 T _init
000000000002d740 T _fini
000000000002e4e8 0000000000000014 r CSWTCH.1001
000000000002e5e0 0000000000000018 r grayScale
000000000002e5f8 0000000000000006 r colorCube
000000000002e600 0000000000000030 r colorTable
000000000002e630 R default_font_bin
0000000000030630 R default_font_bin_end
0000000000030630 0000000000000038 r g_nvColorFmtTable
0000000000030668 0000000000000024 r s_emptyFence.0
0000000000030690 0000000000000020 r error_table
0000000000030710 0000000000000023 r g_bq_InterfaceDescriptor
0000000000030740 0000000000000080 r npio2_hw
00000000000307c0 0000000000000108 r two_over_pi
00000000000308d0 0000000000000040 r PIo2
0000000000030910 0000000000000010 r init_jk
0000000000030930 0000000000000101 R _ctype_
0000000000030b80 0000000000000022 r basefix.0
0000000000030ba8 0000000000000014 r fpinan.0
0000000000030bc0 0000000000000014 r fpi.1
0000000000030be0 0000000000000028 r tinytens
0000000000030c08 0000000000000100 R __hexdig
0000000000030e00 0000000000000010 r zeroes.0
0000000000030e10 0000000000000010 r blanks.1
0000000000030f20 0000000000000010 r zeroes.0
0000000000030f30 0000000000000010 r blanks.1
0000000000030f40 000000000000006c R __action_table
0000000000030fb0 000000000000006c R __state_table
0000000000031020 0000000000000100 R __chclass
0000000000031120 000000000000000c r p05.0
0000000000031130 0000000000000028 R __mprec_bigtens
0000000000031158 00000000000000c8 R __mprec_tens
0000000000031220 00000000000035dc r categories
0000000000034900 0000000000000010 r zeroes.0
0000000000034910 0000000000000010 r blanks.1
0000000000034920 r __tls_align
0000000000034928 r __EH_FRAME_BEGIN__
0000000000034928 r __eh_frame_hdr_end
0000000000034928 r __eh_frame_hdr_start
000000000003a7a4 r __FRAME_END__
000000000003b000 d __frame_dummy_init_array_entry
000000000003b000 d __init_array_start
000000000003b000 d __preinit_array_end
000000000003b000 d __preinit_array_start
000000000003b000 d __relro_start
000000000003b008 d __do_global_dtors_aux_fini_array_entry
000000000003b008 d __fini_array_start
000000000003b008 d __init_array_end
000000000003b010 d __fini_array_end
000000000003b010 0000000000000100 d dotab_stdout
000000000003b110 0000000000000100 d fsdev_devoptab
000000000003b210 0000000000000100 D dotab_stdnull
000000000003b310 a _DYNAMIC
000000000003b460 d __got_start__
000000000003b460 a _GLOBAL_OFFSET_TABLE_
000000000003b700 d __got_end__
000000000003c000 d __data_start
000000000003c000 0000000000000008 V __nx_applet_init_timeout
000000000003c008 0000000000000001 V __nx_applet_auto_notifyrunning
000000000003c00c 0000000000000004 V __nx_applet_type
000000000003c010 0000000000000008 d currentConsole
000000000003c018 0000000000000050 d defaultConsole
000000000003c068 0000000000000088 d s_consoleSwRenderer
000000000003c0f0 0000000000000008 V __nx_exception_stack_size
000000000003c0f8 0000000000000001 V __nx_fsdev_support_cwd
000000000003c0fc 0000000000000004 V __nx_fsdev_direntry_cache_size
000000000003c100 0000000000000004 V __nx_fs_num_sessions
000000000003c104 0000000000000004 V __nx_nv_transfermem_size
000000000003c108 0000000000000004 V __nx_nv_service_type
000000000003c10c 0000000000000004 d g_viServiceType
000000000003c110 0000000000000004 V __nx_vi_stray_layer_flags
000000000003c114 0000000000000004 d g_ctrl_fd
000000000003c118 0000000000000004 d g_nvmap_fd
000000000003c120 0000000000000008 D _impure_ptr
000000000003c128 0000000000000160 D _impure_data
000000000003c288 0000000000000018 D __sglue
000000000003c2a0 0000000000000008 D __malloc_sbrk_base
000000000003c2a8 0000000000000008 D __malloc_trim_threshold
000000000003c2b0 0000000000000810 D __malloc_av_
000000000003cac0 00000000000001a8 D __global_locale
000000000003cc68 0000000000000008 D environ
000000000003cc70 0000000000000400 d _current_working_directory
000000000003d070 0000000000002000 d handles
000000000003f070 0000000000000010 d __stderr_handle
000000000003f080 0000000000000010 d __stdout_handle
000000000003f090 0000000000000010 d __stdin_handle
000000000003f0a0 0000000000000118 D devoptab_list
000000000003f1b8 0000000000000004 d defaultDevice
000000000003f1c0 b __bss_start__
000000000003f1c0 d __tdata_lma
000000000003f1c0 d __tdata_lma_end
000000000003f1c0 b completed.1
000000000003f1c8 b object.0
000000000003f1f8 0000000000000004 B B
000000000003f1fc 0000000000000004 B A
000000000003f200 0000000000000008 b g_appletGuard
000000000003f208 0000000000000001 b g_appletInfoInitialized
000000000003f210 0000000000000050 b g_appletInfo
000000000003f260 0000000000000004 b g_appletCpuBoostMode
000000000003f268 000000000000000c b g_appletLibraryAppletLaunchableEvent
000000000003f274 0000000000000001 b g_appletSuspendedTickInitialized
000000000003f278 0000000000000008 b g_appletSuspendedTick
000000000003f280 0000000000000008 b g_appletInitTickBase
000000000003f288 000000000000000c b g_appletSuspendedTickEvent
000000000003f294 0000000000000001 b g_appletCopyrightInitialized
000000000003f298 0000000000000028 b g_appletCopyrightTmem
000000000003f2c0 0000000000000004 b g_appletRecordingInitialized
000000000003f2c8 0000000000000028 b g_appletRecordingTmem
000000000003f2f0 0000000000000018 b g_appletFirstHook
000000000003f308 0000000000000001 b g_appletNotifiedRunning
000000000003f309 0000000000000001 b g_appletFocusState
000000000003f30c 0000000000000004 b g_appletPerformanceMode
000000000003f310 0000000000000001 b g_appletOperationMode
000000000003f318 0000000000000008 b g_appletResourceUserId
000000000003f320 000000000000000c b g_appletMessageEvent
000000000003f330 0000000000000010 b g_appletIDebugFunctions
000000000003f340 0000000000000010 b g_appletIDisplayController
000000000003f350 0000000000000010 b g_appletIAudioController
000000000003f360 0000000000000010 b g_appletIWindowController
000000000003f370 0000000000000010 b g_appletISelfController
000000000003f380 0000000000000010 b g_appletICommonStateGetter
000000000003f390 0000000000000010 b g_appletILibraryAppletCreator
000000000003f3a0 0000000000000010 b g_appletIProcessWindingController
000000000003f3b0 0000000000000010 b g_appletILibraryAppletSelfAccessor
000000000003f3c0 0000000000000010 b g_appletIApplicationCreator
000000000003f3d0 0000000000000010 b g_appletIGlobalStateController
000000000003f3e0 0000000000000010 b g_appletIFunctions
000000000003f3f0 0000000000000010 b g_appletIAppletCommonFunctions
000000000003f400 0000000000000004 b g_appletExitProcessResult
000000000003f404 0000000000000001 b g_appletExitProcessFlag
000000000003f405 0000000000000001 b g_appletLeftInitialized
000000000003f408 0000000000000010 b g_appletProxySession
000000000003f418 0000000000000010 b g_appletSrv
000000000003f428 0000000000000004 V __nx_applet_exit_mode
000000000003f430 0000000000000008 V __nx_applet_PerformanceConfiguration
000000000003f438 0000000000000080 V __nx_applet_AppletAttribute
000000000003f4b8 0000000000000008 b g_smGuard
000000000003f4c0 0000000000000008 b g_smOverridesNum
000000000003f4c8 0000000000000180 b g_smOverrides
000000000003f648 0000000000000010 b g_smSrv
000000000003f658 0000000000000008 b g_userIdStorage
000000000003f660 0000000000000010 b g_randomSeed
000000000003f670 0000000000000001 b g_hasRandomSeed
000000000003f674 0000000000000004 b g_lastLoadResult
000000000003f678 0000000000000008 b g_nextLoadArgv
000000000003f680 0000000000000008 b g_nextLoadPath
000000000003f688 0000000000000004 b g_processHandle
000000000003f690 0000000000000018 b g_syscallHints
000000000003f6a8 0000000000000008 b g_overrideArgv
000000000003f6b0 0000000000000008 b g_overrideHeapSize
000000000003f6b8 0000000000000008 b g_overrideHeapAddr
000000000003f6c0 0000000000000008 b g_loaderRetAddr
000000000003f6c8 0000000000000004 b g_mainThreadHandle
000000000003f6d0 0000000000000008 b g_loaderInfoSize
000000000003f6d8 0000000000000008 b g_loaderInfo
000000000003f6e0 0000000000000001 b g_isNso
000000000003f6e4 0000000000000004 b g_hosVersion
000000000003f6e8 0000000000000001 b didFirstConsoleInit.0
000000000003f6f0 0000000000000050 b currentCopy
000000000003f740 B __stack_top
000000000003f748 0000000000000001 b g_IsLegacyKernel
000000000003f750 0000000000000008 b g_Reservations
000000000003f760 0000000000000010 b g_StackRegion
000000000003f770 0000000000000010 b g_AslrRegion
000000000003f780 0000000000000010 b g_HeapRegion
000000000003f790 0000000000000010 b g_AliasRegion
000000000003f7a0 0000000000000004 b g_VirtmemMutex
000000000003f7a8 0000000000000008 b g_apmGuard
000000000003f7b0 0000000000000010 b g_apmISession
000000000003f7c0 0000000000000010 b g_apmSrv
000000000003f7d0 0000000000000008 b g_hidGuard
000000000003f7d8 0000000000000008 b g_sevenSixAxisSensorBuffer
000000000003f7e0 0000000000000020 b g_hidSharedmem
000000000003f800 0000000000000010 b g_hidIActiveVibrationDeviceList
000000000003f810 0000000000000010 b g_hidIAppletResource
000000000003f820 0000000000000010 b g_hidSrv
000000000003f830 0000000000000080 b g_defaultWin
000000000003f8b0 0000000000000010 b g_viLayer
000000000003f8c0 0000000000000050 b g_viDisplay
000000000003f910 0000000000000008 b g_argv_empty
000000000003f918 0000000000000008 B __system_argv
000000000003f920 0000000000000004 B __system_argc
000000000003f930 0000000000000340 B __nx_exceptiondump
000000000003fc70 0000000000000004 V __nx_exception_ignoredebug
000000000003fc80 0000000000000400 V __nx_exception_stack
0000000000040080 0000000000000008 V __nx_heap_size
0000000000040088 0000000000000008 b __bootticks
0000000000040090 0000000000000008 b __boottime
0000000000040098 0000000000000004 V __nx_time_type
00000000000400a0 0000000000000004 B __nxlink_host
00000000000400a8 0000000000002800 b fsdev_fsdevices
00000000000428a8 0000000000000004 b fsdev_fsdevice_cwd
00000000000428ac 0000000000000001 b fsdev_initialised
00000000000428b0 0000000000000004 b g_randMutex
00000000000428b4 0000000000000001 b g_randInit
00000000000428c0 0000000000000040 b g_chacha
0000000000042900 0000000000000038 b g_mainThread
0000000000042938 0000000000000008 b g_threadList
0000000000042940 0000000000000004 b g_threadMutex
0000000000042948 0000000000000008 b g_fsGuard
0000000000042950 0000000000000054 b g_fsSessionMgr
00000000000429a8 0000000000000010 b g_fsSrv
00000000000429b8 0000000000000008 b g_nvGuard
00000000000429c0 0000000000000028 b g_nvTransfermem
00000000000429e8 0000000000000010 b g_nvSrvClone
00000000000429f8 0000000000000010 b g_nvSrv
0000000000042a08 0000000000000008 b g_setsysGuard
0000000000042a10 0000000000000010 b g_setsysSrv
0000000000042a20 0000000000000008 b g_timeGuard
0000000000042a28 0000000000000020 b g_timeSharedmem
0000000000042a48 0000000000000010 b g_timeLocalSystemClock
0000000000042a58 0000000000000010 b g_timeTimeZoneService
0000000000042a68 0000000000000010 b g_timeSteadyClock
0000000000042a78 0000000000000010 b g_timeNetworkSystemClock
0000000000042a88 0000000000000010 b g_timeUserSystemClock
0000000000042a98 0000000000000010 b g_timeSrv
0000000000042aa8 0000000000000004 V __nx_time_service_type
0000000000042ab0 0000000000000008 b g_viGuard
0000000000042ab8 0000000000000010 b g_viIHOSBinderDriverIndirect
0000000000042ac8 0000000000000010 b g_viIManagerDisplayService
0000000000042ad8 0000000000000010 b g_viISystemDisplayService
0000000000042ae8 0000000000000010 b g_viIHOSBinderDriverRelay
0000000000042af8 0000000000000010 b g_viIApplicationDisplayService
0000000000042b08 0000000000000010 b g_viRootService
0000000000042b18 0000000000000008 V __nx_vi_layer_id
0000000000042b20 0000000000000008 b g_nvFenceGuard
0000000000042b28 0000000000000300 b g_NvEvents
0000000000042e28 0000000000000008 b g_NvEventUsedMask
0000000000042e30 0000000000000008 b g_nvMapGuard
0000000000042e38 000000000000000c b __sfp_recursive_mutex
0000000000042e48 0000000000000228 B __sf
0000000000043070 0000000000000008 B __stdio_exit_handler
0000000000043078 0000000000000028 B __malloc_current_mallinfo
00000000000430a0 0000000000000008 B __malloc_max_total_mem
00000000000430a8 0000000000000008 B __malloc_max_sbrked_mem
00000000000430b0 0000000000000008 B __malloc_top_pad
00000000000430b8 000000000000000c b __malloc_recursive_mutex
00000000000430c4 0000000000000004 b alloced.0
00000000000430c8 000000000000000c b __env_recursive_mutex
00000000000430d8 0000000000000008 b initial_env
00000000000430e0 0000000000000400 b temp_cwd
00000000000434e0 0000000000000004 b __hndl_lock
00000000000434e8 0000000000000008 B fake_heap_start
00000000000434f0 0000000000000008 B fake_heap_end
00000000000434f8 0000000000000008 b heap_start.0
0000000000043500 b __tls_start
0000000000043910 b __bss_end__
0000000000043910 b __end__
0000000000043910 b __tls_end
0000000000044000 b __argdata__
